Performing C++ SOURCE FILE Test COMPILER_HAS_DEPRECATED_ATTR failed with the following output:
Change Dir: /home/lucaswaisten/Documents/uba/taller1/TP_RocketLeague/CMakeFiles/CMakeTmp

Run Build Command(s):/usr/bin/gmake -f Makefile cmTC_c3264/fast && /usr/bin/gmake  -f CMakeFiles/cmTC_c3264.dir/build.make CMakeFiles/cmTC_c3264.dir/build
gmake[1]: Entering directory '/home/lucaswaisten/Documents/uba/taller1/TP_RocketLeague/CMakeFiles/CMakeTmp'
Building CXX object CMakeFiles/cmTC_c3264.dir/src.cxx.o
/usr/bin/c++ -DCOMPILER_HAS_DEPRECATED_ATTR  -Wall -Werror -pedantic -pedantic-errors -O3 -ggdb -DDEBUG -fno-inline   -std=c++17 -o CMakeFiles/cmTC_c3264.dir/src.cxx.o -c /home/lucaswaisten/Documents/uba/taller1/TP_RocketLeague/CMakeFiles/CMakeTmp/src.cxx
/home/lucaswaisten/Documents/uba/taller1/TP_RocketLeague/CMakeFiles/CMakeTmp/src.cxx: In function ‘int main()’:
/home/lucaswaisten/Documents/uba/taller1/TP_RocketLeague/CMakeFiles/CMakeTmp/src.cxx:2:33: error: ‘int somefunc()’ is deprecated [-Werror=deprecated-declarations]
    2 |     int main() { return somefunc();}
      |                         ~~~~~~~~^~
/home/lucaswaisten/Documents/uba/taller1/TP_RocketLeague/CMakeFiles/CMakeTmp/src.cxx:1:37: note: declared here
    1 | __attribute__((__deprecated__)) int somefunc() { return 0; }
      |                                     ^~~~~~~~
cc1plus: all warnings being treated as errors
gmake[1]: *** [CMakeFiles/cmTC_c3264.dir/build.make:78: CMakeFiles/cmTC_c3264.dir/src.cxx.o] Error 1
gmake[1]: Leaving directory '/home/lucaswaisten/Documents/uba/taller1/TP_RocketLeague/CMakeFiles/CMakeTmp'
gmake: *** [Makefile:127: cmTC_c3264/fast] Error 2


Source file was:
__attribute__((__deprecated__)) int somefunc() { return 0; }
    int main() { return somefunc();}
Performing C++ SOURCE FILE Test COMPILER_HAS_DEPRECATED failed with the following output:
Change Dir: /home/lucaswaisten/Documents/uba/taller1/TP_RocketLeague/CMakeFiles/CMakeTmp

Run Build Command(s):/usr/bin/gmake -f Makefile cmTC_6a7d6/fast && /usr/bin/gmake  -f CMakeFiles/cmTC_6a7d6.dir/build.make CMakeFiles/cmTC_6a7d6.dir/build
gmake[1]: Entering directory '/home/lucaswaisten/Documents/uba/taller1/TP_RocketLeague/CMakeFiles/CMakeTmp'
Building CXX object CMakeFiles/cmTC_6a7d6.dir/src.cxx.o
/usr/bin/c++ -DCOMPILER_HAS_DEPRECATED  -Wall -Werror -pedantic -pedantic-errors -O3 -ggdb -DDEBUG -fno-inline   -std=c++17 -o CMakeFiles/cmTC_6a7d6.dir/src.cxx.o -c /home/lucaswaisten/Documents/uba/taller1/TP_RocketLeague/CMakeFiles/CMakeTmp/src.cxx
/home/lucaswaisten/Documents/uba/taller1/TP_RocketLeague/CMakeFiles/CMakeTmp/src.cxx:1:11: error: expected constructor, destructor, or type conversion before ‘(’ token
    1 | __declspec(deprecated) int somefunc() { return 0; }
      |           ^
/home/lucaswaisten/Documents/uba/taller1/TP_RocketLeague/CMakeFiles/CMakeTmp/src.cxx: In function ‘int main()’:
/home/lucaswaisten/Documents/uba/taller1/TP_RocketLeague/CMakeFiles/CMakeTmp/src.cxx:2:25: error: ‘somefunc’ was not declared in this scope
    2 |     int main() { return somefunc();}
      |                         ^~~~~~~~
gmake[1]: *** [CMakeFiles/cmTC_6a7d6.dir/build.make:78: CMakeFiles/cmTC_6a7d6.dir/src.cxx.o] Error 1
gmake[1]: Leaving directory '/home/lucaswaisten/Documents/uba/taller1/TP_RocketLeague/CMakeFiles/CMakeTmp'
gmake: *** [Makefile:127: cmTC_6a7d6/fast] Error 2


Source file was:
__declspec(deprecated) int somefunc() { return 0; }
    int main() { return somefunc();}
